root@kubernetes:/tmp/vault/exercises/01-setup-vault/files/vault-helm# k get deployment
NAME                   READY   UP-TO-DATE   AVAILABLE   AGE
orgchart               1/1     1            1           54m
vault-agent-injector   1/1     1            1           68m
root@kubernetes:/tmp/vault/exercises/01-setup-vault/files/vault-helm# k get deployment vault-agent-injector -o yaml
apiVersion: extensions/v1beta1
kind: Deployment
metadata:
  annotations:
    deployment.kubernetes.io/revision: "1"
    meta.helm.sh/release-name: vault
    meta.helm.sh/release-namespace: default
  creationTimestamp: "2020-10-16T17:30:38Z"
  generation: 1
  labels:
    app.kubernetes.io/instance: vault
    app.kubernetes.io/managed-by: Helm
    app.kubernetes.io/name: vault-agent-injector
    component: webhook
  name: vault-agent-injector
  namespace: default
  resourceVersion: "1487"
  selfLink: /apis/extensions/v1beta1/namespaces/default/deployments/vault-agent-injector
  uid: 4e5a907c-0fd5-11eb-acef-42010a84008c
spec:
  progressDeadlineSeconds: 600
  replicas: 1
  revisionHistoryLimit: 10
  selector:
    matchLabels:
      app.kubernetes.io/instance: vault
      app.kubernetes.io/name: vault-agent-injector
      component: webhook
  strategy:
    rollingUpdate:
      maxSurge: 25%
      maxUnavailable: 25%
    type: RollingUpdate
  template:
    metadata:
      creationTimestamp: null
      labels:
        app.kubernetes.io/instance: vault
        app.kubernetes.io/name: vault-agent-injector
        component: webhook
    spec:
      containers:
      - args:
        - agent-inject
        - 2>&1
        env:
        - name: AGENT_INJECT_LISTEN
          value: :8080
        - name: AGENT_INJECT_LOG_LEVEL
          value: info
        - name: AGENT_INJECT_VAULT_ADDR
          value: http://vault.default.svc:8200
        - name: AGENT_INJECT_VAULT_AUTH_PATH
          value: auth/kubernetes
        - name: AGENT_INJECT_VAULT_IMAGE
          value: vault:1.5.2
        - name: AGENT_INJECT_TLS_AUTO
          value: vault-agent-injector-cfg
        - name: AGENT_INJECT_TLS_AUTO_HOSTS
          value: vault-agent-injector-svc,vault-agent-injector-svc.default,vault-agent-injector-svc.default.svc
        - name: AGENT_INJECT_LOG_FORMAT
          value: standard
        - name: AGENT_INJECT_REVOKE_ON_SHUTDOWN
          value: "false"
        image: hashicorp/vault-k8s:0.5.0
        imagePullPolicy: IfNotPresent
        livenessProbe:
          failureThreshold: 2
          httpGet:
            path: /health/ready
            port: 8080
            scheme: HTTPS
          initialDelaySeconds: 1
          periodSeconds: 2
          successThreshold: 1
          timeoutSeconds: 5
        name: sidecar-injector
        readinessProbe:
          failureThreshold: 2
          httpGet:
            path: /health/ready
            port: 8080
            scheme: HTTPS
          initialDelaySeconds: 2
          periodSeconds: 2
          successThreshold: 1
          timeoutSeconds: 5
        resources: {}
        terminationMessagePath: /dev/termination-log
        terminationMessagePolicy: File
      dnsPolicy: ClusterFirst
      restartPolicy: Always
      schedulerName: default-scheduler
      securityContext:
        runAsGroup: 1000
        runAsNonRoot: true
        runAsUser: 100
      serviceAccount: vault-agent-injector
      serviceAccountName: vault-agent-injector
      terminationGracePeriodSeconds: 30
status:
  availableReplicas: 1
  conditions:
  - lastTransitionTime: "2020-10-16T17:30:51Z"
    lastUpdateTime: "2020-10-16T17:30:51Z"
    message: Deployment has minimum availability.
    reason: MinimumReplicasAvailable
    status: "True"
    type: Available
  - lastTransitionTime: "2020-10-16T17:30:38Z"
    lastUpdateTime: "2020-10-16T17:30:51Z"
    message: ReplicaSet "vault-agent-injector-77d6bdcd65" has successfully progressed.
    reason: NewReplicaSetAvailable
    status: "True"
    type: Progressing
  observedGeneration: 1
  readyReplicas: 1
  replicas: 1
  updatedReplicas: 1
