https://medium.com/@uri.tau/apache-and-ldap-cc7bff1f629d
https://docs.openshift.com/enterprise/3.0/admin_guide/configuring_authentication.html#RequestHeaderIdentityProvider

https://github.com/openshift/openshift-extras/tree/master/misc/form_auth

https://medium.com/@uri.tau/apache-and-ldap-cc7bff1f629d

https://docs.okd.io/1.2/install_config/advanced_ldap_configuration/configuring_form_based_authentication.html
https://www.server-world.info/en/note?os=Ubuntu_16.04&p=httpd&f=11


(virtualenv) osboxes@osboxes:~/repos$ ll /home/osboxes/.ssh/known_hosts
---------- 1 osboxes osboxes 1106 Dec 14 18:43 /home/osboxes/.ssh/known_hosts

(virtualenv) osboxes@osboxes:~/repos$ GIT_SSH_COMMAND='ssh -o IdentitiesOnly=yes -i /home/osboxes/repos/idrsa_online -F /dev/null' git clone git@bitbucket.org:techcrat123/test.git
Cloning into 'test'...
The authenticity of host 'bitbucket.org (104.192.141.1)' can't be established.
RSA key fingerprint is SHA256:zzXQOXSRBEiUtuE8AikJYKwbHaxvSc0ojez9YXaGp1A.
Are you sure you want to continue connecting (yes/no/[fingerprint])? yes
Failed to add the host to the list of known hosts (/home/osboxes/.ssh/known_hosts).   ## see it fails
remote: Counting objects: 3, done.
remote: Compressing objects: 100% (2/2), done.
remote: Total 3 (delta 0), reused 0 (delta 0)
Receiving objects: 100% (3/3), done.


(virtualenv) osboxes@osboxes:~/repos$ ll /home/osboxes/.ssh/known_hosts
---------- 1 osboxes osboxes 1106 Dec 14 18:43 /home/osboxes/.ssh/known_hosts

#! /usr/bin/env python3
import json
import sys
parent_struct = {
   "apiVersion": "policy.open-cluster-management.io/v1",
   "kind": "Policy",
   "metadata": {
      "name": "ldap-sync-policy",
      "namespace": "default",
      "annotations": {
         "policy.open-cluster-management.io/categories": "CM Configuration Management",
         "policy.open-cluster-management.io/controls": "CM-2 Baseline Configuration",
         "policy.open-cluster-management.io/standards": "NIST SP 800-53"
      }
   },
   "spec": {
      "disabled": False,
      "policy-template": [
         {
            "objectDefinition": {
               "apiVersion": "policy.open-cluster-management.io/v1",
               "kind": "ConfigurationPolicy",
               "metadata": {
                  "name": "ldap-sync-policy"
               },
               "spec": {
                  "object-templates": []
               }
            }
         }
      ]
   }
}
wrapper = {"complianceType": "musthave", "objectDefinition": {}}
groups= json.loads(str(sys.stdin.read()) )
for item in groups['items']:
    item["kind"] = "Group"
    item["apiVersion"] = "user.openshift.io/v1"
    for remove_me in ["managedFields", "resourceVersion", "uid","creationTimestamp"]:
        item['metadata'].pop(remove_me)
    wrapper = {"complianceType": "musthave", "objectDefinition": item }
    parent_struct['spec']['policy-template'][0]['objectDefinition']['spec']['object-templates'].append(wrapper)
print(json.dumps(parent_struct))
